Atmosphère Fatal Report (v1.1):
Result:                          0x290 (2144-0001)

Program ID:                      0100000000001000
Process Name:                    qlaunch
Firmware:                        18.0.0 (Atmosphère 1.7.0-1800_support-f860590d5)
General Purpose Registers:
         FP:                     00000002484ea4e0
         LR:                     000000557b2a99d4
         SP:                     00000002484ea4e0
         PC:                     000000557b23d454
Start Address:                   000000557b000000
Stack Trace:
        ReturnAddress[00]:       000000557b30ed78
        ReturnAddress[01]:       000000557b30e758
        ReturnAddress[02]:       000000557b30e888
        ReturnAddress[03]:       000000557b1fe41c
        ReturnAddress[04]:       000000557b1fd52c
        ReturnAddress[05]:       000000557b1fd5e8
        ReturnAddress[06]:       000000557b1fd6c8
        ReturnAddress[07]:       000000557b30dfe8
        ReturnAddress[08]:       000000557b053eb4
        ReturnAddress[09]:       000000557b053f48
        ReturnAddress[10]:       000000557b96af48
        ReturnAddress[11]:       000000557b342460
        ReturnAddress[12]:       000000557b341cd0
        ReturnAddress[13]:       000000557b1e1ee0
        ReturnAddress[14]:       000000557b1e5014
        ReturnAddress[15]:       0000000000000000
Stack Dump:                               00 01 02 03 04 05 06 07 08 09 0a 0b 0c 0d 0e 0f
                             0002484ea4e0 80 a5 4e 48 02 00 00 00 78 ed 30 7b 55 00 00 00
                             0002484ea4f0 01 01 00 00 00 00 10 00 0c 00 00 80 01 00 00 00
                             0002484ea500 03 00 00 00 00 00 00 00 00 00 00 00 00 00 00 00
                             0002484ea510 05 00 00 00 00 00 00 00 00 00 00 00 08 00 00 00
                             0002484ea520 00 00 00 00 14 00 00 00 00 00 00 00 00 00 00 00
                             0002484ea530 00 50 0e e4 01 00 00 00 00 00 00 00 00 00 00 00
                             0002484ea540 00 00 00 00 00 00 00 00 00 00 00 00 00 00 00 00
                             0002484ea550 68 a5 4e 48 02 00 00 00 00 00 00 00 15 00 00 00
                             0002484ea560 88 86 ff 7b 55 00 00 00 50 02 00 00 00 00 00 00
                             0002484ea570 f0 a4 4e 48 02 00 00 00 00 be 11 91 3f 00 00 00
                             0002484ea580 f0 a5 4e 48 02 00 00 00 58 e7 30 7b 55 00 00 00
                             0002484ea590 52 a0 9e 7b 55 00 00 00 e0 a7 4e 48 02 00 00 00
                             0002484ea5a0 52 a0 9e 7b 55 00 00 00 00 00 00 00 00 00 00 00
                             0002484ea5b0 80 43 f6 7b 55 00 00 00 90 44 f6 7b 55 00 00 00
                             0002484ea5c0 2c a6 4e 48 02 00 00 00 00 00 00 00 00 00 00 00
                             0002484ea5d0 c0 43 f6 7b 55 00 00 00 60 26 cd 7b 55 00 00 00
TLS Address:                 0000003f9111be00
TLS Dump:                                 00 01 02 03 04 05 06 07 08 09 0a 0b 0c 0d 0e 0f
                             003f9111be00 06 00 10 00 0c 00 00 80 01 00 00 00 9a 81 7f 00
                             003f9111be10 00 00 00 00 50 02 00 00 88 86 ff 7b 14 00 00 50
                             003f9111be20 53 46 43 49 01 00 00 00 02 00 00 00 00 00 00 00
                             003f9111be30 90 02 00 00 00 00 00 00 00 00 00 00 00 00 00 00
                             003f9111be40 00 00 00 00 00 00 00 00 00 00 00 00 00 00 00 00
                             003f9111be50 00 00 00 00 00 00 00 00 00 00 00 00 00 00 00 00
                             003f9111be60 00 00 00 00 00 00 00 00 00 00 00 00 00 00 00 00
                             003f9111be70 00 00 00 00 00 00 00 00 00 00 00 00 00 00 00 00
                             003f9111be80 00 00 00 00 00 00 00 00 00 00 00 00 00 00 00 00
                             003f9111be90 00 00 00 00 00 00 00 00 00 00 00 00 00 00 00 00
                             003f9111bea0 00 00 00 00 00 00 00 00 00 00 00 00 00 00 00 00
                             003f9111beb0 00 00 00 00 00 00 00 00 00 00 00 00 00 00 00 00
                             003f9111bec0 00 00 00 00 00 00 00 00 00 00 00 00 00 00 00 00
                             003f9111bed0 00 00 00 00 00 00 00 00 00 00 00 00 00 00 00 00
                             003f9111bee0 00 00 00 00 00 00 00 00 00 00 00 00 00 00 00 00
                             003f9111bef0 00 00 00 00 00 00 00 00 00 00 00 00 00 00 00 00
