Atmosphère Crash Report (v1.7):
Result:                          0x290 (2144-0001)

Process Info:
    Process Name:                qlaunch
    Program ID:                  0100000000001000
    Process ID:                  0000000000000082
    Process Flags:               000010b7
    User Exception Address:      00000041cfef3000
Exception Info:
    Type:                        User Break
    Address:                     000000557b23d480 (qlaunch.nss + 0x23d480)
    Break Reason:                0x0
    Break Address:               00000002484ea848
    Break Size:                  0x4
Crashed Thread Info:
    Thread ID:                   000000000000023d
    Thread Name:                 LibraryAppletThread
    Stack Region:                00000002484e7000-00000002484eb000
    Registers:
        X[00]:                   0000000000000000
        X[01]:                   00000002484ea848
        X[02]:                   0000000000000004
        X[03]:                   0000000000000008
        X[04]:                   0000000000000000
        X[05]:                   0000000000000000
        X[06]:                   0000000000000000
        X[07]:                   0000000000000000
        X[08]:                   0000000000000000
        X[09]:                   0000000000000000
        X[10]:                   0000000000000000
        X[11]:                   0000000000000000
        X[12]:                   0000000000000000
        X[13]:                   0000000000000000
        X[14]:                   0000000000000000
        X[15]:                   0000000000000000
        X[16]:                   0000000000000000
        X[17]:                   0000000000000000
        X[18]:                   0000000000000000
        X[19]:                   0000000000000000
        X[20]:                   0000000000000000
        X[21]:                   0000000000000000
        X[22]:                   0000000000000000
        X[23]:                   0000000000000000
        X[24]:                   0000000000000000
        X[25]:                   0000000000000000
        X[26]:                   0000000000000000
        X[27]:                   0000000000000000
        X[28]:                   0000000000000000
        FP:                      00000002484ea660
        LR:                      000000557b1fe328 (qlaunch.nss + 0x1fe328)
        SP:                      00000002484ea660
        PC:                      000000557b23d47c (qlaunch.nss + 0x23d47c)
    Stack Trace:
        ReturnAddress[00]:       000000557b1fd534 (qlaunch.nss + 0x1fd534)
        ReturnAddress[01]:       000000557b1fd5e8 (qlaunch.nss + 0x1fd5e8)
        ReturnAddress[02]:       000000557b1fd6c8 (qlaunch.nss + 0x1fd6c8)
        ReturnAddress[03]:       000000557b30dfe8 (qlaunch.nss + 0x30dfe8)
        ReturnAddress[04]:       000000557b053eb4 (qlaunch.nss + 0x53eb4)
        ReturnAddress[05]:       000000557b053f48 (qlaunch.nss + 0x53f48)
        ReturnAddress[06]:       000000557b96af48 (qlaunch.nss + 0x96af48)
        ReturnAddress[07]:       000000557b342460 (qlaunch.nss + 0x342460)
        ReturnAddress[08]:       000000557b341cd0 (qlaunch.nss + 0x341cd0)
        ReturnAddress[09]:       000000557b1e1ee0 (qlaunch.nss + 0x1e1ee0)
        ReturnAddress[10]:       000000557b1e5014 (qlaunch.nss + 0x1e5014)
        ReturnAddress[11]:       0000000000000000
    Stack Dump:                               00 01 02 03 04 05 06 07 08 09 0a 0b 0c 0d 0e 0f
                                 0002484ea660 f0 a6 4e 48 02 00 00 00 34 d5 1f 7b 55 00 00 00
                                 0002484ea670 03 00 00 00 00 00 00 00 e0 a6 4e 48 02 00 00 00
                                 0002484ea680 52 a0 9e 7b 55 00 00 00 52 a0 9e 7b 55 00 00 00
                                 0002484ea690 52 a0 9e 7b 55 00 00 00 00 00 00 00 55 00 00 00
                                 0002484ea6a0 90 02 00 00 00 00 00 00 00 00 00 00 00 00 00 00
                                 0002484ea6b0 03 00 00 00 00 00 00 00 e0 a6 4e 48 02 00 00 00
                                 0002484ea6c0 52 a0 9e 7b 55 00 00 00 52 a0 9e 7b 55 00 00 00
                                 0002484ea6d0 52 a0 9e 7b 55 00 00 00 00 00 00 00 55 00 00 00
                                 0002484ea6e0 52 a0 9e 7b 55 00 00 00 e0 a7 4e 48 02 00 00 00
                                 0002484ea6f0 00 a8 4e 48 02 00 00 00 e8 d5 1f 7b 55 00 00 00
                                 0002484ea700 00 b0 82 7e 55 00 00 00 bc 6b 04 7b 55 00 00 00
                                 0002484ea710 00 00 00 00 00 00 00 00 00 00 00 00 00 00 00 00
                                 0002484ea720 00 00 00 00 00 00 00 00 00 00 00 00 00 00 00 00
                                 0002484ea730 00 00 00 00 00 00 00 00 01 00 00 00 00 00 00 00
                                 0002484ea740 a4 a8 4e 48 02 00 00 00 d8 4a fd 7b 55 00 00 00
                                 0002484ea750 00 00 00 00 00 00 00 00 00 00 00 00 00 00 00 00
    TLS Address:                 0000003f9111be00
    TLS Dump:                                 00 01 02 03 04 05 06 07 08 09 0a 0b 0c 0d 0e 0f
                                 003f9111be00 02 00 00 00 00 00 00 00 01 00 00 00 82 00 00 00
                                 003f9111be10 53 46 43 4f 00 00 00 00 00 00 00 00 66 87 32 91
                                 003f9111be20 00 10 00 00 00 00 00 01 02 00 00 00 00 00 00 00
                                 003f9111be30 90 02 00 00 00 00 00 00 00 00 00 00 00 00 00 00
                                 003f9111be40 00 00 00 00 00 00 00 00 00 00 00 00 00 00 00 00
                                 003f9111be50 00 00 00 00 00 00 00 00 00 00 00 00 00 00 00 00
                                 003f9111be60 00 00 00 00 00 00 00 00 00 00 00 00 00 00 00 00
                                 003f9111be70 00 00 00 00 00 00 00 00 00 00 00 00 00 00 00 00
                                 003f9111be80 00 00 00 00 00 00 00 00 00 00 00 00 00 00 00 00
                                 003f9111be90 00 00 00 00 00 00 00 00 00 00 00 00 00 00 00 00
                                 003f9111bea0 00 00 00 00 00 00 00 00 00 00 00 00 00 00 00 00
                                 003f9111beb0 00 00 00 00 00 00 00 00 00 00 00 00 00 00 00 00
                                 003f9111bec0 00 00 00 00 00 00 00 00 00 00 00 00 00 00 00 00
                                 003f9111bed0 00 00 00 00 00 00 00 00 00 00 00 00 00 00 00 00
                                 003f9111bee0 00 00 00 00 00 00 00 00 00 00 00 00 00 00 00 00
                                 003f9111bef0 00 00 00 00 00 00 00 00 00 00 00 00 00 00 00 00
Module Info:
    Number of Modules:           1
    Module 00:
        Address:                 000000557b000000-000000557b9da000
        Name:                    qlaunch.nss
        Module Id:               C7CD52452D0E57134683F8F9B25F331E0E5EDDA4000000000000000000000000
Thread Report:
Number of Threads:               15
Threads[00]:
    Thread ID:                   0000000000000222
    Thread Name:                 MainThread
    Stack Region:                00000002295cb000-000000022962b000
    Registers:
        X[00]:                   0000000000fe4d85
        X[01]:                   000000000004e1f3
        X[02]:                   00000000ffffffff
        X[03]:                   0000000000000000
        X[04]:                   0000000229627cc8
        X[05]:                   0000000000000000
        X[06]:                   0000000000000000
        X[07]:                   0000000000000000
        X[08]:                   0000000000000000
        X[09]:                   0000000000000000
        X[10]:                   0000000000000000
        X[11]:                   0000000000000000
        X[12]:                   0000000000000000
        X[13]:                   0000000000000000
        X[14]:                   0000000000000000
        X[15]:                   0000000000000000
        X[16]:                   0000000000000000
        X[17]:                   0000000000000000
        X[18]:                   0000000000000000
        X[19]:                   0000000000000000
        X[20]:                   0000000000000000
        X[21]:                   0000000000000000
        X[22]:                   0000000000000000
        X[23]:                   0000000000000000
        X[24]:                   0000000000000000
        X[25]:                   0000000000000000
        X[26]:                   0000000000000000
        X[27]:                   0000000000000000
        X[28]:                   0000000000000000
        FP:                      000000022962a7d0
        LR:                      000000557b9babf8 (qlaunch.nss + 0x9babf8)
        SP:                      000000022962a790
        PC:                      000000557b23d35c (qlaunch.nss + 0x23d35c)
    Stack Trace:
        ReturnAddress[00]:       000000557b9ba8f0 (qlaunch.nss + 0x9ba8f0)
        ReturnAddress[01]:       000000557b322078 (qlaunch.nss + 0x322078)
        ReturnAddress[02]:       000000557b533bc0 (qlaunch.nss + 0x533bc0)
        ReturnAddress[03]:       000000557b04d6cc (qlaunch.nss + 0x4d6cc)
        ReturnAddress[04]:       000000557b1340e4 (qlaunch.nss + 0x1340e4)
        ReturnAddress[05]:       000000557b0000c0 (qlaunch.nss + 0xc0)
    Stack Dump:                               00 01 02 03 04 05 06 07 08 09 0a 0b 0c 0d 0e 0f
                                 00022962a790 05 00 00 00 02 00 00 00 58 32 32 7b 55 00 00 00
                                 00022962a7a0 60 77 58 7c 55 00 00 00 28 44 57 7c 55 00 00 00
                                 00022962a7b0 d0 a7 62 29 02 00 00 00 58 32 32 7b 55 00 00 00
                                 00022962a7c0 48 44 57 7c 55 00 00 00 f8 42 57 7c 55 00 00 00
                                 00022962a7d0 80 ad 62 29 02 00 00 00 f0 a8 9b 7b 55 00 00 00
                                 00022962a7e0 03 00 00 00 00 00 00 00 00 b0 82 7e 55 00 00 00
                                 00022962a7f0 10 60 f2 7b 55 00 00 00 60 93 14 7c 55 00 00 00
                                 00022962a800 00 c0 82 03 00 00 00 00 60 93 14 7c 55 00 00 00
                                 00022962a810 30 a9 62 29 02 00 00 00 10 60 f2 7b 55 00 00 00
                                 00022962a820 bd 50 9f 7b 55 00 00 00 6d 65 6d 6f 72 79 69 6e
                                 00022962a830 66 6f 00 00 01 00 00 00 34 43 14 7b 55 00 00 00
                                 00022962a840 60 a8 62 29 02 00 00 00 00 10 00 00 00 00 00 01
                                 00022962a850 a0 a8 62 29 02 00 00 00 95 04 00 00 00 00 00 00
                                 00022962a860 03 00 00 00 00 00 00 00 28 c9 f1 7b 55 00 00 00
                                 00022962a870 7c a8 62 29 02 00 00 00 1f 00 00 00 6d 65 6d 6f
                                 00022962a880 72 79 69 6e 66 6f 00 00 40 32 ef cf 28 00 00 00
    TLS Address:                 00000041cfef3200
    TLS Dump:                                 00 01 02 03 04 05 06 07 08 09 0a 0b 0c 0d 0e 0f
                                 0041cfef3200 00 00 00 00 09 00 00 00 00 00 00 00 00 00 00 00
                                 0041cfef3210 53 46 43 4f 00 00 00 00 00 00 00 00 36 10 1f fb
                                 0041cfef3220 20 00 00 00 00 00 00 00 00 00 00 00 00 00 00 00
                                 0041cfef3230 00 00 00 00 01 00 00 00 01 00 00 00 00 00 00 00
                                 0041cfef3240 04 00 9a 01 1e 00 10 c0 00 00 00 00 00 00 00 00
                                 0041cfef3250 10 00 00 00 d8 a5 62 29 02 00 10 00 00 00 00 00
                                 0041cfef3260 0b 00 00 00 00 00 00 00 03 00 00 00 00 00 00 00
                                 0041cfef3270 00 00 00 00 00 00 00 00 00 00 00 00 01 00 00 00
                                 0041cfef3280 00 00 00 00 00 00 00 00 00 00 00 00 00 00 00 00
                                 0041cfef3290 00 00 00 00 00 00 00 00 34 00 00 00 00 00 00 00
                                 0041cfef32a0 00 00 00 00 00 00 00 00 00 00 01 00 00 00 00 00
                                 0041cfef32b0 00 00 00 00 03 00 00 00 00 00 00 00 00 00 00 00
                                 0041cfef32c0 00 00 00 00 00 00 00 00 00 00 00 00 00 00 00 00
                                 0041cfef32d0 00 00 00 00 00 00 00 00 00 00 00 00 00 00 00 00
                                 0041cfef32e0 00 00 00 00 00 00 00 00 00 00 00 00 00 00 00 00
                                 0041cfef32f0 00 00 00 00 00 00 00 00 00 00 00 00 00 00 00 00
Threads[01]:
    Thread ID:                   0000000000000224
    Thread Name:                 DecompThread
    Stack Region:                0000000210ba2000-0000000210ba3000
    Registers:
        X[00]:                   000000557c147708
        X[01]:                   000000557c147710
        X[02]:                   00000000000481f7
        X[03]:                   ffffffffffffffff
        X[04]:                   0000000000000000
        X[05]:                   0000000000000000
        X[06]:                   0000000000000000
        X[07]:                   0000000000000000
        X[08]:                   0000000000000000
        X[09]:                   0000000000000000
        X[10]:                   0000000000000000
        X[11]:                   0000000000000000
        X[12]:                   0000000000000000
        X[13]:                   0000000000000000
        X[14]:                   0000000000000000
        X[15]:                   0000000000000000
        X[16]:                   0000000000000000
        X[17]:                   0000000000000000
        X[18]:                   0000000000000000
        X[19]:                   0000000000000000
        X[20]:                   0000000000000000
        X[21]:                   0000000000000000
        X[22]:                   0000000000000000
        X[23]:                   0000000000000000
        X[24]:                   0000000000000000
        X[25]:                   0000000000000000
        X[26]:                   0000000000000000
        X[27]:                   0000000000000000
        X[28]:                   0000000000000000
        FP:                      0000000210ba2ed0
        LR:                      000000557b1e5b7c (qlaunch.nss + 0x1e5b7c)
        SP:                      0000000210ba2ed0
        PC:                      000000557b23d42c (qlaunch.nss + 0x23d42c)
    Stack Trace:
        ReturnAddress[00]:       000000557b1e0c6c (qlaunch.nss + 0x1e0c6c)
        ReturnAddress[01]:       000000557b342354 (qlaunch.nss + 0x342354)
        ReturnAddress[02]:       000000557b342440 (qlaunch.nss + 0x342440)
        ReturnAddress[03]:       000000557b341cd0 (qlaunch.nss + 0x341cd0)
        ReturnAddress[04]:       000000557b1e1ee0 (qlaunch.nss + 0x1e1ee0)
        ReturnAddress[05]:       000000557b1e5014 (qlaunch.nss + 0x1e5014)
        ReturnAddress[06]:       0000000000000000
    Stack Dump:                               00 01 02 03 04 05 06 07 08 09 0a 0b 0c 0d 0e 0f
                                 000210ba2ed0 00 2f ba 10 02 00 00 00 6c 0c 1e 7b 55 00 00 00
                                 000210ba2ee0 38 2f ba 10 02 00 00 00 54 0c 1e 7b 55 00 00 00
                                 000210ba2ef0 08 77 14 7c 55 00 00 00 d0 76 14 7c 55 00 00 00
                                 000210ba2f00 40 2f ba 10 02 00 00 00 54 23 34 7b 55 00 00 00
                                 000210ba2f10 00 00 00 00 00 00 00 00 cc 91 14 7c 55 00 00 00
                                 000210ba2f20 d0 76 14 7c 55 00 00 00 a0 76 14 7c 55 00 00 00
                                 000210ba2f30 00 00 00 00 00 00 00 00 00 00 00 00 00 00 00 00
                                 000210ba2f40 50 2f ba 10 02 00 00 00 40 24 34 7b 55 00 00 00
                                 000210ba2f50 70 2f ba 10 02 00 00 00 d0 1c 34 7b 55 00 00 00
                                 000210ba2f60 00 00 00 00 00 00 00 00 a0 76 14 7c 55 00 00 00
                                 000210ba2f70 90 2f ba 10 02 00 00 00 e0 1e 1e 7b 55 00 00 00
                                 000210ba2f80 20 90 14 7c 55 00 00 00 c8 91 14 7c 55 00 00 00
                                 000210ba2f90 c0 2f ba 10 02 00 00 00 14 50 1e 7b 55 00 00 00
                                 000210ba2fa0 00 00 00 00 00 00 00 00 00 00 00 00 00 00 00 00
                                 000210ba2fb0 00 00 00 00 00 00 00 00 20 90 14 7c 55 00 00 00
                                 000210ba2fc0 00 00 00 00 00 00 00 00 00 00 00 00 00 00 00 00
    TLS Address:                 00000041cfef3400
    TLS Dump:                                 00 01 02 03 04 05 06 07 08 09 0a 0b 0c 0d 0e 0f
                                 0041cfef3400 00 00 00 00 00 00 00 00 00 00 00 00 00 00 00 00
                                 0041cfef3410 00 00 00 00 00 00 00 00 00 00 00 00 00 00 00 00
                                 0041cfef3420 00 00 00 00 00 00 00 00 00 00 00 00 00 00 00 00
                                 0041cfef3430 00 00 00 00 00 00 00 00 00 00 00 00 00 00 00 00
                                 0041cfef3440 00 00 00 00 00 00 00 00 00 00 00 00 00 00 00 00
                                 0041cfef3450 00 00 00 00 00 00 00 00 00 00 00 00 00 00 00 00
                                 0041cfef3460 00 00 00 00 00 00 00 00 00 00 00 00 00 00 00 00
                                 0041cfef3470 00 00 00 00 00 00 00 00 00 00 00 00 00 00 00 00
                                 0041cfef3480 00 00 00 00 00 00 00 00 00 00 00 00 00 00 00 00
                                 0041cfef3490 00 00 00 00 00 00 00 00 00 00 00 00 00 00 00 00
                                 0041cfef34a0 00 00 00 00 00 00 00 00 00 00 00 00 00 00 00 00
                                 0041cfef34b0 00 00 00 00 00 00 00 00 00 00 00 00 00 00 00 00
                                 0041cfef34c0 00 00 00 00 00 00 00 00 00 00 00 00 00 00 00 00
                                 0041cfef34d0 00 00 00 00 00 00 00 00 00 00 00 00 00 00 00 00
                                 0041cfef34e0 00 00 00 00 00 00 00 00 00 00 00 00 00 00 00 00
                                 0041cfef34f0 00 00 00 00 00 00 00 00 00 00 00 00 00 00 00 00
Threads[02]:
    Thread ID:                   0000000000000226
    Thread Name:                 Prepare Thread
    Stack Region:                0000000241a1a000-0000000241a2a000
    Registers:
        X[00]:                   000000557c574b98
        X[01]:                   000000557c574ba0
        X[02]:                   00000000000a81ec
        X[03]:                   ffffffffffffffff
        X[04]:                   0000000000000000
        X[05]:                   0000000000000000
        X[06]:                   0000000000000000
        X[07]:                   0000000000000000
        X[08]:                   0000000000000000
        X[09]:                   0000000000000000
        X[10]:                   0000000000000000
        X[11]:                   0000000000000000
        X[12]:                   0000000000000000
        X[13]:                   0000000000000000
        X[14]:                   0000000000000000
        X[15]:                   0000000000000000
        X[16]:                   0000000000000000
        X[17]:                   0000000000000000
        X[18]:                   0000000000000000
        X[19]:                   0000000000000000
        X[20]:                   0000000000000000
        X[21]:                   0000000000000000
        X[22]:                   0000000000000000
        X[23]:                   0000000000000000
        X[24]:                   0000000000000000
        X[25]:                   0000000000000000
        X[26]:                   0000000000000000
        X[27]:                   0000000000000000
        X[28]:                   0000000000000000
        FP:                      0000000241a29ed0
        LR:                      000000557b1e5b7c (qlaunch.nss + 0x1e5b7c)
        SP:                      0000000241a29ed0
        PC:                      000000557b23d42c (qlaunch.nss + 0x23d42c)
    Stack Trace:
        ReturnAddress[00]:       000000557b1e0c6c (qlaunch.nss + 0x1e0c6c)
        ReturnAddress[01]:       000000557b342354 (qlaunch.nss + 0x342354)
        ReturnAddress[02]:       000000557b34246c (qlaunch.nss + 0x34246c)
        ReturnAddress[03]:       000000557b341cd0 (qlaunch.nss + 0x341cd0)
        ReturnAddress[04]:       000000557b1e1ee0 (qlaunch.nss + 0x1e1ee0)
        ReturnAddress[05]:       000000557b1e5014 (qlaunch.nss + 0x1e5014)
        ReturnAddress[06]:       0000000000000000
    Stack Dump:                               00 01 02 03 04 05 06 07 08 09 0a 0b 0c 0d 0e 0f
                                 000241a29ed0 00 9f a2 41 02 00 00 00 6c 0c 1e 7b 55 00 00 00
                                 000241a29ee0 38 9f a2 41 02 00 00 00 54 0c 1e 7b 55 00 00 00
                                 000241a29ef0 98 4b 57 7c 55 00 00 00 60 4b 57 7c 55 00 00 00
                                 000241a29f00 40 9f a2 41 02 00 00 00 54 23 34 7b 55 00 00 00
                                 000241a29f10 00 00 00 00 00 00 00 00 cc 51 58 7c 55 00 00 00
                                 000241a29f20 60 4b 57 7c 55 00 00 00 30 4b 57 7c 55 00 00 00
                                 000241a29f30 00 00 00 00 00 00 00 00 cc 51 58 7c 55 00 00 00
                                 000241a29f40 50 9f a2 41 02 00 00 00 6c 24 34 7b 55 00 00 00
                                 000241a29f50 70 9f a2 41 02 00 00 00 d0 1c 34 7b 55 00 00 00
                                 000241a29f60 00 00 00 00 00 00 00 00 30 4b 57 7c 55 00 00 00
                                 000241a29f70 90 9f a2 41 02 00 00 00 e0 1e 1e 7b 55 00 00 00
                                 000241a29f80 20 50 58 7c 55 00 00 00 c8 51 58 7c 55 00 00 00
                                 000241a29f90 c0 9f a2 41 02 00 00 00 14 50 1e 7b 55 00 00 00
                                 000241a29fa0 00 00 00 00 00 00 00 00 00 00 00 00 00 00 00 00
                                 000241a29fb0 00 00 00 00 00 00 00 00 20 50 58 7c 55 00 00 00
                                 000241a29fc0 00 00 00 00 00 00 00 00 00 00 00 00 00 00 00 00
    TLS Address:                 00000041cfef3600
    TLS Dump:                                 00 01 02 03 04 05 06 07 08 09 0a 0b 0c 0d 0e 0f
                                 0041cfef3600 11 00 00 00 01 00 00 80 20 00 00 00 b8 01 35 00
                                 0041cfef3610 00 00 00 00 00 00 00 00 00 00 00 00 00 00 00 00
                                 0041cfef3620 53 46 43 4f 00 00 00 00 00 00 00 00 2d 87 1c 41
                                 0041cfef3630 25 00 00 00 00 00 00 00 00 00 00 00 00 00 00 00
                                 0041cfef3640 20 00 00 00 00 00 00 00 00 00 00 00 00 00 00 00
                                 0041cfef3650 00 00 00 00 00 00 00 00 00 00 00 00 00 00 00 00
                                 0041cfef3660 00 00 00 00 00 00 00 00 00 00 00 00 00 00 00 00
                                 0041cfef3670 00 00 00 00 00 00 00 00 00 00 00 00 00 00 00 00
                                 0041cfef3680 00 00 00 00 00 00 00 00 00 00 00 00 00 00 00 00
                                 0041cfef3690 00 00 00 00 00 00 00 00 00 00 00 00 00 00 00 00
                                 0041cfef36a0 00 00 00 00 00 00 00 00 00 00 00 00 00 00 00 00
                                 0041cfef36b0 00 00 00 00 00 00 00 00 00 00 00 00 00 00 00 00
                                 0041cfef36c0 00 00 00 00 00 00 00 00 00 00 00 00 00 00 00 00
                                 0041cfef36d0 00 00 00 00 00 00 00 00 00 00 00 00 00 00 00 00
                                 0041cfef36e0 00 00 00 00 00 00 00 00 00 00 00 00 00 00 00 00
                                 0041cfef36f0 00 00 00 00 00 00 00 00 00 00 00 00 00 00 00 00
Threads[03]:
    Thread ID:                   000000000000022a
    Thread Name:                 SceneWorker
    Stack Region:                000000024b6ce000-000000024b6e2000
    Registers:
        X[00]:                   000000557c6d4c54
        X[01]:                   000000557c6d4c58
        X[02]:                   00000000000b01eb
        X[03]:                   ffffffffffffffff
        X[04]:                   0000000000000000
        X[05]:                   0000000000000000
        X[06]:                   0000000000000000
        X[07]:                   0000000000000000
        X[08]:                   0000000000000000
        X[09]:                   0000000000000000
        X[10]:                   0000000000000000
        X[11]:                   0000000000000000
        X[12]:                   0000000000000000
        X[13]:                   0000000000000000
        X[14]:                   0000000000000000
        X[15]:                   0000000000000000
        X[16]:                   0000000000000000
        X[17]:                   0000000000000000
        X[18]:                   0000000000000000
        X[19]:                   0000000000000000
        X[20]:                   0000000000000000
        X[21]:                   0000000000000000
        X[22]:                   0000000000000000
        X[23]:                   0000000000000000
        X[24]:                   0000000000000000
        X[25]:                   0000000000000000
        X[26]:                   0000000000000000
        X[27]:                   0000000000000000
        X[28]:                   0000000000000000
        FP:                      000000024b6e1e80
        LR:                      000000557b1e5b7c (qlaunch.nss + 0x1e5b7c)
        SP:                      000000024b6e1e80
        PC:                      000000557b23d42c (qlaunch.nss + 0x23d42c)
    Stack Trace:
        ReturnAddress[00]:       000000557b1e00a8 (qlaunch.nss + 0x1e00a8)
        ReturnAddress[01]:       000000557b9d9384 (qlaunch.nss + 0x9d9384)
        ReturnAddress[02]:       000000557b342460 (qlaunch.nss + 0x342460)
        ReturnAddress[03]:       000000557b341cd0 (qlaunch.nss + 0x341cd0)
        ReturnAddress[04]:       000000557b1e1ee0 (qlaunch.nss + 0x1e1ee0)
        ReturnAddress[05]:       000000557b1e5014 (qlaunch.nss + 0x1e5014)
        ReturnAddress[06]:       0000000000000000
    Stack Dump:                               00 01 02 03 04 05 06 07 08 09 0a 0b 0c 0d 0e 0f
                                 00024b6e1e80 b0 1e 6e 4b 02 00 00 00 a8 00 1e 7b 55 00 00 00
                                 00024b6e1e90 58 4c 6d 7c 55 00 00 00 80 00 1e 7b 55 00 00 00
                                 00024b6e1ea0 38 4c 6d 7c 55 00 00 00 54 4c 6d 7c 55 00 00 00
                                 00024b6e1eb0 f0 1e 6e 4b 02 00 00 00 84 93 9d 7b 55 00 00 00
                                 00024b6e1ec0 60 4c 6d 7c 55 00 00 00 18 4c 6d 7c 55 00 00 00
                                 00024b6e1ed0 01 00 00 00 00 00 00 00 08 4c 6d 7c 55 00 00 00
                                 00024b6e1ee0 00 1f 6e 4b 02 00 00 00 00 00 00 00 55 00 00 00
                                 00024b6e1ef0 50 1f 6e 4b 02 00 00 00 60 24 34 7b 55 00 00 00
                                 00024b6e1f00 00 00 00 00 00 00 00 00 00 00 00 00 00 00 00 00
                                 00024b6e1f10 00 00 00 00 00 00 00 00 00 00 00 00 00 00 00 00
                                 00024b6e1f20 00 00 00 00 00 00 00 00 00 00 00 00 00 00 00 00
                                 00024b6e1f30 00 00 00 00 00 00 00 00 cc a1 6e 7c 55 00 00 00
                                 00024b6e1f40 f0 4f 6d 7c 55 00 00 00 c0 4f 6d 7c 55 00 00 00
                                 00024b6e1f50 70 1f 6e 4b 02 00 00 00 d0 1c 34 7b 55 00 00 00
                                 00024b6e1f60 00 00 00 00 00 00 00 00 c0 4f 6d 7c 55 00 00 00
                                 00024b6e1f70 90 1f 6e 4b 02 00 00 00 e0 1e 1e 7b 55 00 00 00
    TLS Address:                 00000041cfef3800
    TLS Dump:                                 00 01 02 03 04 05 06 07 08 09 0a 0b 0c 0d 0e 0f
                                 0041cfef3800 00 00 00 00 08 00 00 00 00 00 00 00 00 00 00 00
                                 0041cfef3810 53 46 43 4f 00 00 00 00 00 00 00 00 36 10 1f fb
                                 0041cfef3820 00 00 00 00 00 00 00 00 6b 04 00 00 00 00 00 00
                                 0041cfef3830 82 00 00 00 00 00 00 00 00 00 00 00 00 00 00 00
                                 0041cfef3840 01 00 9a 01 06 41 28 c0 00 00 00 00 a0 ab ff ff
                                 0041cfef3850 28 00 00 00 78 14 6e 4b 02 00 28 00 00 00 00 00
                                 0041cfef3860 00 00 00 00 00 00 00 00 00 00 00 00 00 00 00 00
                                 0041cfef3870 00 00 00 00 00 00 00 00 00 00 00 00 00 00 00 00
                                 0041cfef3880 00 00 00 00 00 00 00 00 00 00 00 00 00 00 00 00
                                 0041cfef3890 00 00 00 00 00 00 00 00 00 00 00 00 00 00 00 00
                                 0041cfef38a0 00 00 00 00 00 00 00 00 00 00 00 00 00 00 00 00
                                 0041cfef38b0 00 00 00 00 00 00 00 00 00 00 00 00 00 00 00 00
                                 0041cfef38c0 00 00 00 00 00 00 00 00 00 00 00 00 00 00 00 00
                                 0041cfef38d0 00 00 00 00 00 00 00 00 00 00 00 00 00 00 00 00
                                 0041cfef38e0 00 00 00 00 00 00 00 00 00 00 00 00 00 00 00 00
                                 0041cfef38f0 00 00 00 00 00 00 00 00 00 00 00 00 00 00 00 00
Threads[04]:
    Thread ID:                   000000000000022b
    Thread Name:                 DefaultWorker
    Stack Region:                00000001eddef000-00000001eddff000
    Registers:
        X[00]:                   000000557c6ea24c
        X[01]:                   000000557c6ea250
        X[02]:                   00000000000b81ea
        X[03]:                   ffffffffffffffff
        X[04]:                   0000000000000000
        X[05]:                   0000000000000000
        X[06]:                   0000000000000000
        X[07]:                   0000000000000000
        X[08]:                   0000000000000000
        X[09]:                   0000000000000000
        X[10]:                   0000000000000000
        X[11]:                   0000000000000000
        X[12]:                   0000000000000000
        X[13]:                   0000000000000000
        X[14]:                   0000000000000000
        X[15]:                   0000000000000000
        X[16]:                   0000000000000000
        X[17]:                   0000000000000000
        X[18]:                   0000000000000000
        X[19]:                   0000000000000000
        X[20]:                   0000000000000000
        X[21]:                   0000000000000000
        X[22]:                   0000000000000000
        X[23]:                   0000000000000000
        X[24]:                   0000000000000000
        X[25]:                   0000000000000000
        X[26]:                   0000000000000000
        X[27]:                   0000000000000000
        X[28]:                   0000000000000000
        FP:                      00000001eddfee80
        LR:                      000000557b1e5b7c (qlaunch.nss + 0x1e5b7c)
        SP:                      00000001eddfee80
        PC:                      000000557b23d42c (qlaunch.nss + 0x23d42c)
    Stack Trace:
        ReturnAddress[00]:       000000557b1e00a8 (qlaunch.nss + 0x1e00a8)
        ReturnAddress[01]:       000000557b9d9384 (qlaunch.nss + 0x9d9384)
        ReturnAddress[02]:       000000557b342460 (qlaunch.nss + 0x342460)
        ReturnAddress[03]:       000000557b341cd0 (qlaunch.nss + 0x341cd0)
        ReturnAddress[04]:       000000557b1e1ee0 (qlaunch.nss + 0x1e1ee0)
        ReturnAddress[05]:       000000557b1e5014 (qlaunch.nss + 0x1e5014)
        ReturnAddress[06]:       0000000000000000
    Stack Dump:                               00 01 02 03 04 05 06 07 08 09 0a 0b 0c 0d 0e 0f
                                 0001eddfee80 b0 ee df ed 01 00 00 00 a8 00 1e 7b 55 00 00 00
                                 0001eddfee90 50 a2 6e 7c 55 00 00 00 80 00 1e 7b 55 00 00 00
                                 0001eddfeea0 30 a2 6e 7c 55 00 00 00 4c a2 6e 7c 55 00 00 00
                                 0001eddfeeb0 f0 ee df ed 01 00 00 00 84 93 9d 7b 55 00 00 00
                                 0001eddfeec0 58 a2 6e 7c 55 00 00 00 10 a2 6e 7c 55 00 00 00
                                 0001eddfeed0 00 00 00 00 00 00 00 00 00 a2 6e 7c 55 00 00 00
                                 0001eddfeee0 00 ef df ed 01 00 00 00 00 00 00 00 55 00 00 00
                                 0001eddfeef0 50 ef df ed 01 00 00 00 60 24 34 7b 55 00 00 00
                                 0001eddfef00 00 00 00 00 00 00 00 00 00 00 00 00 00 00 00 00
                                 0001eddfef10 00 00 00 00 00 00 00 00 00 00 00 00 00 00 00 00
                                 0001eddfef20 00 00 00 00 00 00 00 00 00 00 00 00 00 00 00 00
                                 0001eddfef30 00 00 00 00 00 00 00 00 cc c1 6f 7c 55 00 00 00
                                 0001eddfef40 08 b6 6e 7c 55 00 00 00 d8 b5 6e 7c 55 00 00 00
                                 0001eddfef50 70 ef df ed 01 00 00 00 d0 1c 34 7b 55 00 00 00
                                 0001eddfef60 00 00 00 00 00 00 00 00 d8 b5 6e 7c 55 00 00 00
                                 0001eddfef70 90 ef df ed 01 00 00 00 e0 1e 1e 7b 55 00 00 00
    TLS Address:                 00000041cfef3a00
    TLS Dump:                                 00 01 02 03 04 05 06 07 08 09 0a 0b 0c 0d 0e 0f
                                 0041cfef3a00 00 00 00 00 09 00 00 00 00 00 00 00 00 00 00 00
                                 0041cfef3a10 53 46 43 4f 00 00 00 00 00 00 00 00 13 ed 82 0e
                                 0041cfef3a20 00 00 00 00 00 00 00 00 00 00 00 00 3c b3 18 0b
                                 0041cfef3a30 01 03 04 00 00 00 00 00 00 00 00 00 00 00 00 00
                                 0041cfef3a40 01 00 9a 01 06 41 28 c0 00 00 00 00 00 00 00 00
                                 0041cfef3a50 28 00 00 00 58 e5 df ed 01 00 28 00 00 00 00 00
                                 0041cfef3a60 6e 78 5f 6e 65 77 73 5f 61 34 34 30 38 36 38 63
                                 0041cfef3a70 66 34 33 31 31 39 35 33 00 00 00 00 00 00 00 00
                                 0041cfef3a80 88 06 03 66 00 00 00 00 00 00 00 00 00 00 00 00
                                 0041cfef3a90 00 00 00 00 00 00 00 00 01 00 00 00 00 00 00 00
                                 0041cfef3aa0 00 00 00 00 00 00 00 00 00 00 00 00 00 00 00 00
                                 0041cfef3ab0 00 00 00 00 00 00 00 00 00 00 00 00 00 00 00 00
                                 0041cfef3ac0 00 00 00 00 00 00 00 00 00 00 00 00 00 00 00 00
                                 0041cfef3ad0 00 00 00 00 00 00 00 00 00 00 00 00 00 00 00 00
                                 0041cfef3ae0 00 00 00 00 00 00 00 00 00 00 00 00 00 00 00 00
                                 0041cfef3af0 00 00 00 00 00 00 00 00 00 00 00 00 00 00 00 00
Threads[05]:
    Thread ID:                   000000000000022c
    Thread Name:                 NetWorker
    Stack Region:                00000001e40e5000-00000001e40f5000
    Registers:
        X[00]:                   000000557c6fc24c
        X[01]:                   000000557c6fc250
        X[02]:                   00000000000c01e9
        X[03]:                   ffffffffffffffff
        X[04]:                   0000000000000000
        X[05]:                   0000000000000000
        X[06]:                   0000000000000000
        X[07]:                   0000000000000000
        X[08]:                   0000000000000000
        X[09]:                   0000000000000000
        X[10]:                   0000000000000000
        X[11]:                   0000000000000000
        X[12]:                   0000000000000000
        X[13]:                   0000000000000000
        X[14]:                   0000000000000000
        X[15]:                   0000000000000000
        X[16]:                   0000000000000000
        X[17]:                   0000000000000000
        X[18]:                   0000000000000000
        X[19]:                   0000000000000000
        X[20]:                   0000000000000000
        X[21]:                   0000000000000000
        X[22]:                   0000000000000000
        X[23]:                   0000000000000000
        X[24]:                   0000000000000000
        X[25]:                   0000000000000000
        X[26]:                   0000000000000000
        X[27]:                   0000000000000000
        X[28]:                   0000000000000000
        FP:                      00000001e40f4e80
        LR:                      000000557b1e5b7c (qlaunch.nss + 0x1e5b7c)
        SP:                      00000001e40f4e80
        PC:                      000000557b23d42c (qlaunch.nss + 0x23d42c)
    Stack Trace:
        ReturnAddress[00]:       000000557b1e00a8 (qlaunch.nss + 0x1e00a8)
        ReturnAddress[01]:       000000557b9d9384 (qlaunch.nss + 0x9d9384)
        ReturnAddress[02]:       000000557b342460 (qlaunch.nss + 0x342460)
        ReturnAddress[03]:       000000557b341cd0 (qlaunch.nss + 0x341cd0)
        ReturnAddress[04]:       000000557b1e1ee0 (qlaunch.nss + 0x1e1ee0)
        ReturnAddress[05]:       000000557b1e5014 (qlaunch.nss + 0x1e5014)
        ReturnAddress[06]:       0000000000000000
    Stack Dump:                               00 01 02 03 04 05 06 07 08 09 0a 0b 0c 0d 0e 0f
                                 0001e40f4e80 b0 4e 0f e4 01 00 00 00 a8 00 1e 7b 55 00 00 00
                                 0001e40f4e90 50 c2 6f 7c 55 00 00 00 80 00 1e 7b 55 00 00 00
                                 0001e40f4ea0 30 c2 6f 7c 55 00 00 00 4c c2 6f 7c 55 00 00 00
                                 0001e40f4eb0 f0 4e 0f e4 01 00 00 00 84 93 9d 7b 55 00 00 00
                                 0001e40f4ec0 58 c2 6f 7c 55 00 00 00 10 c2 6f 7c 55 00 00 00
                                 0001e40f4ed0 01 00 00 00 00 00 00 00 00 c2 6f 7c 55 00 00 00
                                 0001e40f4ee0 00 4f 0f e4 01 00 00 00 00 00 00 00 55 00 00 00
                                 0001e40f4ef0 50 4f 0f e4 01 00 00 00 60 24 34 7b 55 00 00 00
                                 0001e40f4f00 00 00 00 00 00 00 00 00 00 00 00 00 00 00 00 00
                                 0001e40f4f10 00 00 00 00 00 00 00 00 00 00 00 00 00 00 00 00
                                 0001e40f4f20 00 00 00 00 00 00 00 00 00 00 00 00 00 00 00 00
                                 0001e40f4f30 00 00 00 00 00 00 00 00 cc d1 70 7c 55 00 00 00
                                 0001e40f4f40 e8 c5 6f 7c 55 00 00 00 b8 c5 6f 7c 55 00 00 00
                                 0001e40f4f50 70 4f 0f e4 01 00 00 00 d0 1c 34 7b 55 00 00 00
                                 0001e40f4f60 00 00 00 00 00 00 00 00 b8 c5 6f 7c 55 00 00 00
                                 0001e40f4f70 90 4f 0f e4 01 00 00 00 e0 1e 1e 7b 55 00 00 00
    TLS Address:                 00000041cfef3c00
    TLS Dump:                                 00 01 02 03 04 05 06 07 08 09 0a 0b 0c 0d 0e 0f
                                 0041cfef3c00 00 00 00 00 0d 00 00 00 00 00 00 00 00 00 00 00
                                 0041cfef3c10 00 00 00 00 00 00 00 00 00 00 00 00 00 00 00 00
                                 0041cfef3c20 53 46 43 4f 00 00 00 00 00 00 00 00 7a c5 9f e8
                                 0041cfef3c30 00 00 00 00 00 00 00 00 00 00 00 00 08 8c 98 9c
                                 0041cfef3c40 d2 85 3c 00 00 00 00 10 b8 37 3f ca 08 8c 98 9c
                                 0041cfef3c50 03 00 00 00 00 00 00 00 00 00 00 00 00 00 00 00
                                 0041cfef3c60 00 00 00 00 00 00 00 00 00 00 00 00 00 00 00 00
                                 0041cfef3c70 00 00 00 00 00 00 00 00 00 00 00 00 00 00 00 00
                                 0041cfef3c80 00 00 00 00 00 00 00 00 00 00 00 00 00 00 00 00
                                 0041cfef3c90 00 00 00 00 00 00 00 00 00 00 00 00 00 00 00 00
                                 0041cfef3ca0 00 00 00 00 00 00 00 00 00 00 00 00 00 00 00 00
                                 0041cfef3cb0 00 00 00 00 00 00 00 00 00 00 00 00 00 00 00 00
                                 0041cfef3cc0 00 00 00 00 00 00 00 00 00 00 00 00 00 00 00 00
                                 0041cfef3cd0 00 00 00 00 00 00 00 00 00 00 00 00 00 00 00 00
                                 0041cfef3ce0 00 00 00 00 00 00 00 00 00 00 00 00 00 00 00 00
                                 0041cfef3cf0 00 00 00 00 00 00 00 00 00 00 00 00 00 00 00 00
Threads[06]:
    Thread ID:                   000000000000022d
    Thread Name:                 LocalNews
    Stack Region:                00000001f22f8000-00000001f2302000
    Registers:
        X[00]:                   000000557c70d24c
        X[01]:                   000000557c70d250
        X[02]:                   00000000000c81e8
        X[03]:                   ffffffffffffffff
        X[04]:                   0000000000000000
        X[05]:                   0000000000000000
        X[06]:                   0000000000000000
        X[07]:                   0000000000000000
        X[08]:                   0000000000000000
        X[09]:                   0000000000000000
        X[10]:                   0000000000000000
        X[11]:                   0000000000000000
        X[12]:                   0000000000000000
        X[13]:                   0000000000000000
        X[14]:                   0000000000000000
        X[15]:                   0000000000000000
        X[16]:                   0000000000000000
        X[17]:                   0000000000000000
        X[18]:                   0000000000000000
        X[19]:                   0000000000000000
        X[20]:                   0000000000000000
        X[21]:                   0000000000000000
        X[22]:                   0000000000000000
        X[23]:                   0000000000000000
        X[24]:                   0000000000000000
        X[25]:                   0000000000000000
        X[26]:                   0000000000000000
        X[27]:                   0000000000000000
        X[28]:                   0000000000000000
        FP:                      00000001f2301e80
        LR:                      000000557b1e5b7c (qlaunch.nss + 0x1e5b7c)
        SP:                      00000001f2301e80
        PC:                      000000557b23d42c (qlaunch.nss + 0x23d42c)
    Stack Trace:
        ReturnAddress[00]:       000000557b1e00a8 (qlaunch.nss + 0x1e00a8)
        ReturnAddress[01]:       000000557b9d9384 (qlaunch.nss + 0x9d9384)
        ReturnAddress[02]:       000000557b342460 (qlaunch.nss + 0x342460)
        ReturnAddress[03]:       000000557b341cd0 (qlaunch.nss + 0x341cd0)
        ReturnAddress[04]:       000000557b1e1ee0 (qlaunch.nss + 0x1e1ee0)
        ReturnAddress[05]:       000000557b1e5014 (qlaunch.nss + 0x1e5014)
        ReturnAddress[06]:       0000000000000000
    Stack Dump:                               00 01 02 03 04 05 06 07 08 09 0a 0b 0c 0d 0e 0f
                                 0001f2301e80 b0 1e 30 f2 01 00 00 00 a8 00 1e 7b 55 00 00 00
                                 0001f2301e90 50 d2 70 7c 55 00 00 00 80 00 1e 7b 55 00 00 00
                                 0001f2301ea0 30 d2 70 7c 55 00 00 00 4c d2 70 7c 55 00 00 00
                                 0001f2301eb0 f0 1e 30 f2 01 00 00 00 84 93 9d 7b 55 00 00 00
                                 0001f2301ec0 58 d2 70 7c 55 00 00 00 10 d2 70 7c 55 00 00 00
                                 0001f2301ed0 01 00 00 00 00 00 00 00 00 d2 70 7c 55 00 00 00
                                 0001f2301ee0 00 1f 30 f2 01 00 00 00 00 00 00 00 55 00 00 00
                                 0001f2301ef0 50 1f 30 f2 01 00 00 00 60 24 34 7b 55 00 00 00
                                 0001f2301f00 00 00 00 00 00 00 00 00 00 00 00 00 00 00 00 00
                                 0001f2301f10 00 00 00 00 00 00 00 00 00 00 00 00 00 00 00 00
                                 0001f2301f20 00 00 00 00 00 00 00 00 00 00 00 00 00 00 00 00
                                 0001f2301f30 00 00 00 00 00 00 00 00 cc 81 71 7c 55 00 00 00
                                 0001f2301f40 e8 d5 70 7c 55 00 00 00 b8 d5 70 7c 55 00 00 00
                                 0001f2301f50 70 1f 30 f2 01 00 00 00 d0 1c 34 7b 55 00 00 00
                                 0001f2301f60 00 00 00 00 00 00 00 00 b8 d5 70 7c 55 00 00 00
                                 0001f2301f70 90 1f 30 f2 01 00 00 00 e0 1e 1e 7b 55 00 00 00
    TLS Address:                 00000041cfef3e00
    TLS Dump:                                 00 01 02 03 04 05 06 07 08 09 0a 0b 0c 0d 0e 0f
                                 0041cfef3e00 00 00 00 00 00 00 00 00 00 00 00 00 00 00 00 00
                                 0041cfef3e10 00 00 00 00 00 00 00 00 00 00 00 00 00 00 00 00
                                 0041cfef3e20 00 00 00 00 00 00 00 00 00 00 00 00 00 00 00 00
                                 0041cfef3e30 00 00 00 00 00 00 00 00 00 00 00 00 00 00 00 00
                                 0041cfef3e40 00 00 00 00 00 00 00 00 00 00 00 00 00 00 00 00
                                 0041cfef3e50 00 00 00 00 00 00 00 00 00 00 00 00 00 00 00 00
                                 0041cfef3e60 00 00 00 00 00 00 00 00 00 00 00 00 00 00 00 00
                                 0041cfef3e70 00 00 00 00 00 00 00 00 00 00 00 00 00 00 00 00
                                 0041cfef3e80 00 00 00 00 00 00 00 00 00 00 00 00 00 00 00 00
                                 0041cfef3e90 00 00 00 00 00 00 00 00 00 00 00 00 00 00 00 00
                                 0041cfef3ea0 00 00 00 00 00 00 00 00 00 00 00 00 00 00 00 00
                                 0041cfef3eb0 00 00 00 00 00 00 00 00 00 00 00 00 00 00 00 00
                                 0041cfef3ec0 00 00 00 00 00 00 00 00 00 00 00 00 00 00 00 00
                                 0041cfef3ed0 00 00 00 00 00 00 00 00 00 00 00 00 00 00 00 00
                                 0041cfef3ee0 00 00 00 00 00 00 00 00 00 00 00 00 00 00 00 00
                                 0041cfef3ef0 00 00 00 00 00 00 00 00 00 00 00 00 00 00 00 00
Threads[07]:
    Thread ID:                   000000000000022e
    Thread Name:                 AppControl
    Stack Region:                0000000231ecc000-0000000231ee4000
    Registers:
        X[00]:                   000000557c71824c
        X[01]:                   000000557c718250
        X[02]:                   00000000000d01e7
        X[03]:                   ffffffffffffffff
        X[04]:                   0000000000000000
        X[05]:                   0000000000000000
        X[06]:                   0000000000000000
        X[07]:                   0000000000000000
        X[08]:                   0000000000000000
        X[09]:                   0000000000000000
        X[10]:                   0000000000000000
        X[11]:                   0000000000000000
        X[12]:                   0000000000000000
        X[13]:                   0000000000000000
        X[14]:                   0000000000000000
        X[15]:                   0000000000000000
        X[16]:                   0000000000000000
        X[17]:                   0000000000000000
        X[18]:                   0000000000000000
        X[19]:                   0000000000000000
        X[20]:                   0000000000000000
        X[21]:                   0000000000000000
        X[22]:                   0000000000000000
        X[23]:                   0000000000000000
        X[24]:                   0000000000000000
        X[25]:                   0000000000000000
        X[26]:                   0000000000000000
        X[27]:                   0000000000000000
        X[28]:                   0000000000000000
        FP:                      0000000231ee3e80
        LR:                      000000557b1e5b7c (qlaunch.nss + 0x1e5b7c)
        SP:                      0000000231ee3e80
        PC:                      000000557b23d42c (qlaunch.nss + 0x23d42c)
    Stack Trace:
        ReturnAddress[00]:       000000557b1e00a8 (qlaunch.nss + 0x1e00a8)
        ReturnAddress[01]:       000000557b9d9384 (qlaunch.nss + 0x9d9384)
        ReturnAddress[02]:       000000557b342460 (qlaunch.nss + 0x342460)
        ReturnAddress[03]:       000000557b341cd0 (qlaunch.nss + 0x341cd0)
        ReturnAddress[04]:       000000557b1e1ee0 (qlaunch.nss + 0x1e1ee0)
        ReturnAddress[05]:       000000557b1e5014 (qlaunch.nss + 0x1e5014)
        ReturnAddress[06]:       0000000000000000
    Stack Dump:                               00 01 02 03 04 05 06 07 08 09 0a 0b 0c 0d 0e 0f
                                 000231ee3e80 b0 3e ee 31 02 00 00 00 a8 00 1e 7b 55 00 00 00
                                 000231ee3e90 50 82 71 7c 55 00 00 00 80 00 1e 7b 55 00 00 00
                                 000231ee3ea0 30 82 71 7c 55 00 00 00 4c 82 71 7c 55 00 00 00
                                 000231ee3eb0 f0 3e ee 31 02 00 00 00 84 93 9d 7b 55 00 00 00
                                 000231ee3ec0 58 82 71 7c 55 00 00 00 10 82 71 7c 55 00 00 00
                                 000231ee3ed0 01 00 00 00 00 00 00 00 00 82 71 7c 55 00 00 00
                                 000231ee3ee0 00 3f ee 31 02 00 00 00 00 00 00 00 55 00 00 00
                                 000231ee3ef0 50 3f ee 31 02 00 00 00 60 24 34 7b 55 00 00 00
                                 000231ee3f00 00 00 00 00 00 00 00 00 00 00 00 00 00 00 00 00
                                 000231ee3f10 00 00 00 00 00 00 00 00 00 00 00 00 00 00 00 00
                                 000231ee3f20 00 00 00 00 00 00 00 00 00 00 00 00 00 00 00 00
                                 000231ee3f30 00 00 00 00 00 00 00 00 cc 11 73 7c 55 00 00 00
                                 000231ee3f40 08 84 71 7c 55 00 00 00 d8 83 71 7c 55 00 00 00
                                 000231ee3f50 70 3f ee 31 02 00 00 00 d0 1c 34 7b 55 00 00 00
                                 000231ee3f60 00 00 00 00 00 00 00 00 d8 83 71 7c 55 00 00 00
                                 000231ee3f70 90 3f ee 31 02 00 00 00 e0 1e 1e 7b 55 00 00 00
    TLS Address:                 0000003f9111b000
    TLS Dump:                                 00 01 02 03 04 05 06 07 08 09 0a 0b 0c 0d 0e 0f
                                 003f9111b000 00 00 00 00 0c 00 00 00 00 00 00 00 00 00 00 00
                                 003f9111b010 00 00 00 00 00 00 00 00 00 00 00 00 00 00 00 00
                                 003f9111b020 53 46 43 4f 00 00 00 00 00 00 00 00 93 f8 96 0b
                                 003f9111b030 00 00 00 00 00 00 00 00 00 00 00 00 00 00 00 00
                                 003f9111b040 00 00 00 00 00 00 00 00 00 00 00 00 00 00 00 00
                                 003f9111b050 00 00 00 00 00 00 00 00 00 00 00 00 00 00 00 00
                                 003f9111b060 00 00 00 00 00 00 00 00 00 00 00 00 00 00 00 00
                                 003f9111b070 02 00 00 00 00 00 00 00 00 00 00 00 00 00 00 00
                                 003f9111b080 00 00 00 00 00 00 00 00 00 00 00 00 00 00 00 00
                                 003f9111b090 00 00 00 00 00 00 00 00 00 00 00 00 00 00 00 00
                                 003f9111b0a0 00 00 00 00 00 00 00 00 00 00 00 00 00 00 00 00
                                 003f9111b0b0 00 00 00 00 00 00 00 00 00 00 00 00 00 00 00 00
                                 003f9111b0c0 00 00 00 00 00 00 00 00 00 00 00 00 00 00 00 00
                                 003f9111b0d0 00 00 00 00 00 00 00 00 00 00 00 00 00 00 00 00
                                 003f9111b0e0 00 00 00 00 00 00 00 00 00 00 00 00 00 00 00 00
                                 003f9111b0f0 00 00 00 00 00 00 00 00 00 00 00 00 00 00 00 00
Threads[08]:
    Thread ID:                   0000000000000230
    Thread Name:                 UpdateTextureCache
    Stack Region:                0000000213ead000-0000000213ebd000
    Registers:
        X[00]:                   000000557c734058
        X[01]:                   000000557c734060
        X[02]:                   00000000001101e3
        X[03]:                   ffffffffffffffff
        X[04]:                   0000000213ebcd84
        X[05]:                   0000000000000001
        X[06]:                   0000000213ebce9c
        X[07]:                   000000557c788490
        X[08]:                   0000000000000000
        X[09]:                   0000000000000000
        X[10]:                   0000000000000000
        X[11]:                   0000000000000000
        X[12]:                   0000000000000000
        X[13]:                   0000000000000000
        X[14]:                   0000000000000000
        X[15]:                   0000000000000000
        X[16]:                   0000000000000000
        X[17]:                   0000000000000000
        X[18]:                   0000000000000000
        X[19]:                   0000000000000000
        X[20]:                   0000000000000000
        X[21]:                   0000000000000000
        X[22]:                   0000000000000000
        X[23]:                   0000000000000000
        X[24]:                   0000000000000000
        X[25]:                   0000000000000000
        X[26]:                   0000000000000000
        X[27]:                   0000000000000000
        X[28]:                   0000000000000000
        FP:                      0000000213ebced0
        LR:                      000000557b1e5b7c (qlaunch.nss + 0x1e5b7c)
        SP:                      0000000213ebced0
        PC:                      000000557b23d42c (qlaunch.nss + 0x23d42c)
    Stack Trace:
        ReturnAddress[00]:       000000557b1e0c6c (qlaunch.nss + 0x1e0c6c)
        ReturnAddress[01]:       000000557b342354 (qlaunch.nss + 0x342354)
        ReturnAddress[02]:       000000557b34246c (qlaunch.nss + 0x34246c)
        ReturnAddress[03]:       000000557b341cd0 (qlaunch.nss + 0x341cd0)
        ReturnAddress[04]:       000000557b1e1ee0 (qlaunch.nss + 0x1e1ee0)
        ReturnAddress[05]:       000000557b1e5014 (qlaunch.nss + 0x1e5014)
        ReturnAddress[06]:       0000000000000000
    Stack Dump:                               00 01 02 03 04 05 06 07 08 09 0a 0b 0c 0d 0e 0f
                                 000213ebced0 00 cf eb 13 02 00 00 00 6c 0c 1e 7b 55 00 00 00
                                 000213ebcee0 38 cf eb 13 02 00 00 00 54 0c 1e 7b 55 00 00 00
                                 000213ebcef0 58 40 73 7c 55 00 00 00 20 40 73 7c 55 00 00 00
                                 000213ebcf00 40 cf eb 13 02 00 00 00 54 23 34 7b 55 00 00 00
                                 000213ebcf10 00 00 00 00 00 00 00 00 cc 51 74 7c 55 00 00 00
                                 000213ebcf20 20 40 73 7c 55 00 00 00 f0 3f 73 7c 55 00 00 00
                                 000213ebcf30 50 cf eb 13 02 00 00 00 60 24 34 7b 55 00 00 00
                                 000213ebcf40 50 cf eb 13 02 00 00 00 6c 24 34 7b 55 00 00 00
                                 000213ebcf50 70 cf eb 13 02 00 00 00 d0 1c 34 7b 55 00 00 00
                                 000213ebcf60 00 00 00 00 00 00 00 00 f0 3f 73 7c 55 00 00 00
                                 000213ebcf70 90 cf eb 13 02 00 00 00 e0 1e 1e 7b 55 00 00 00
                                 000213ebcf80 20 50 74 7c 55 00 00 00 c8 51 74 7c 55 00 00 00
                                 000213ebcf90 c0 cf eb 13 02 00 00 00 14 50 1e 7b 55 00 00 00
                                 000213ebcfa0 00 00 00 00 00 00 00 00 00 00 00 00 00 00 00 00
                                 000213ebcfb0 00 00 00 00 00 00 00 00 20 50 74 7c 55 00 00 00
                                 000213ebcfc0 00 00 00 00 00 00 00 00 00 00 00 00 00 00 00 00
    TLS Address:                 0000003f9111b200
    TLS Dump:                                 00 01 02 03 04 05 06 07 08 09 0a 0b 0c 0d 0e 0f
                                 003f9111b200 00 00 00 00 00 00 00 00 00 00 00 00 00 00 00 00
                                 003f9111b210 00 00 00 00 00 00 00 00 00 00 00 00 00 00 00 00
                                 003f9111b220 00 00 00 00 00 00 00 00 00 00 00 00 00 00 00 00
                                 003f9111b230 00 00 00 00 00 00 00 00 00 00 00 00 00 00 00 00
                                 003f9111b240 00 00 00 00 00 00 00 00 00 00 00 00 00 00 00 00
                                 003f9111b250 00 00 00 00 00 00 00 00 00 00 00 00 00 00 00 00
                                 003f9111b260 00 00 00 00 00 00 00 00 00 00 00 00 00 00 00 00
                                 003f9111b270 00 00 00 00 00 00 00 00 00 00 00 00 00 00 00 00
                                 003f9111b280 00 00 00 00 00 00 00 00 00 00 00 00 00 00 00 00
                                 003f9111b290 00 00 00 00 00 00 00 00 00 00 00 00 00 00 00 00
                                 003f9111b2a0 00 00 00 00 00 00 00 00 00 00 00 00 00 00 00 00
                                 003f9111b2b0 00 00 00 00 00 00 00 00 00 00 00 00 00 00 00 00
                                 003f9111b2c0 00 00 00 00 00 00 00 00 00 00 00 00 00 00 00 00
                                 003f9111b2d0 00 00 00 00 00 00 00 00 00 00 00 00 00 00 00 00
                                 003f9111b2e0 00 00 00 00 00 00 00 00 00 00 00 00 00 00 00 00
                                 003f9111b2f0 00 00 00 00 00 00 00 00 00 00 00 00 00 00 00 00
Threads[09]:
    Thread ID:                   0000000000000235
    Thread Name:                 InputQueueThread
    Stack Region:                000000020c9b3000-000000020c9b4000
    Registers:
        X[00]:                   000000020c9b3f28
        X[01]:                   000000020c9b3f2c
        X[02]:                   0000000000000001
        X[03]:                   ffffffffffffffff
        X[04]:                   0000000000000000
        X[05]:                   0000000000000000
        X[06]:                   0000000000000000
        X[07]:                   0000000000000000
        X[08]:                   0000000000000000
        X[09]:                   0000000000000000
        X[10]:                   0000000000000000
        X[11]:                   0000000000000000
        X[12]:                   0000000000000000
        X[13]:                   0000000000000000
        X[14]:                   0000000000000000
        X[15]:                   0000000000000000
        X[16]:                   0000000000000000
        X[17]:                   0000000000000000
        X[18]:                   0000000000000000
        X[19]:                   0000000000000000
        X[20]:                   0000000000000000
        X[21]:                   0000000000000000
        X[22]:                   0000000000000000
        X[23]:                   0000000000000000
        X[24]:                   0000000000000000
        X[25]:                   0000000000000000
        X[26]:                   0000000000000000
        X[27]:                   0000000000000000
        X[28]:                   0000000000000000
        FP:                      000000020c9b3f30
        LR:                      000000557b1e55d4 (qlaunch.nss + 0x1e55d4)
        SP:                      000000020c9b3f10
        PC:                      000000557b23d400 (qlaunch.nss + 0x23d400)
    Stack Trace:
        ReturnAddress[00]:       000000557b342460 (qlaunch.nss + 0x342460)
        ReturnAddress[01]:       000000557b341cd0 (qlaunch.nss + 0x341cd0)
        ReturnAddress[02]:       000000557b1e1ee0 (qlaunch.nss + 0x1e1ee0)
        ReturnAddress[03]:       000000557b1e5014 (qlaunch.nss + 0x1e5014)
        ReturnAddress[04]:       0000000000000000
    Stack Dump:                               00 01 02 03 04 05 06 07 08 09 0a 0b 0c 0d 0e 0f
                                 00020c9b3f00 50 3f 9b 0c 02 00 00 00 60 24 34 7b 55 00 00 00
                                 00020c9b3f10 28 3f 9b 0c 02 00 00 00 00 00 00 00 00 00 00 00
                                 00020c9b3f20 00 00 00 00 00 00 00 00 00 00 00 00 f0 81 08 00
                                 00020c9b3f30 50 3f 9b 0c 02 00 00 00 60 24 34 7b 55 00 00 00
                                 00020c9b3f40 78 68 57 7d 55 00 00 00 48 68 57 7d 55 00 00 00
                                 00020c9b3f50 70 3f 9b 0c 02 00 00 00 d0 1c 34 7b 55 00 00 00
                                 00020c9b3f60 00 00 00 00 00 00 00 00 48 68 57 7d 55 00 00 00
                                 00020c9b3f70 90 3f 9b 0c 02 00 00 00 e0 1e 1e 7b 55 00 00 00
                                 00020c9b3f80 20 80 57 7d 55 00 00 00 c8 81 57 7d 55 00 00 00
                                 00020c9b3f90 c0 3f 9b 0c 02 00 00 00 14 50 1e 7b 55 00 00 00
                                 00020c9b3fa0 00 00 00 00 00 00 00 00 00 00 00 00 00 00 00 00
                                 00020c9b3fb0 00 00 00 00 00 00 00 00 20 80 57 7d 55 00 00 00
                                 00020c9b3fc0 00 00 00 00 00 00 00 00 00 00 00 00 00 00 00 00
                                 00020c9b3fd0 00 00 00 00 00 00 00 00 40 06 00 00 00 00 00 00
                                 00020c9b3fe0 70 1e 1e 7b 55 00 00 00 c0 80 57 7d 55 00 00 00
                                 00020c9b3ff0 07 00 00 00 00 00 00 00 c8 7b ea 7b 55 00 00 00
    TLS Address:                 0000003f9111b400
    TLS Dump:                                 00 01 02 03 04 05 06 07 08 09 0a 0b 0c 0d 0e 0f
                                 003f9111b400 00 00 00 00 00 00 00 00 00 00 00 00 00 00 00 00
                                 003f9111b410 00 00 00 00 00 00 00 00 00 00 00 00 00 00 00 00
                                 003f9111b420 00 00 00 00 00 00 00 00 00 00 00 00 00 00 00 00
                                 003f9111b430 00 00 00 00 00 00 00 00 00 00 00 00 00 00 00 00
                                 003f9111b440 00 00 00 00 00 00 00 00 00 00 00 00 00 00 00 00
                                 003f9111b450 00 00 00 00 00 00 00 00 00 00 00 00 00 00 00 00
                                 003f9111b460 00 00 00 00 00 00 00 00 00 00 00 00 00 00 00 00
                                 003f9111b470 00 00 00 00 00 00 00 00 00 00 00 00 00 00 00 00
                                 003f9111b480 00 00 00 00 00 00 00 00 00 00 00 00 00 00 00 00
                                 003f9111b490 00 00 00 00 00 00 00 00 00 00 00 00 00 00 00 00
                                 003f9111b4a0 00 00 00 00 00 00 00 00 00 00 00 00 00 00 00 00
                                 003f9111b4b0 00 00 00 00 00 00 00 00 00 00 00 00 00 00 00 00
                                 003f9111b4c0 00 00 00 00 00 00 00 00 00 00 00 00 00 00 00 00
                                 003f9111b4d0 00 00 00 00 00 00 00 00 00 00 00 00 00 00 00 00
                                 003f9111b4e0 00 00 00 00 00 00 00 00 00 00 00 00 00 00 00 00
                                 003f9111b4f0 00 00 00 00 00 00 00 00 00 00 00 00 00 00 00 00
Threads[10]:
    Thread ID:                   0000000000000236
    Stack Region:                000000022b5fc000-000000022b600000
    Registers:
        X[00]:                   000000022b5ffe1c
        X[01]:                   000000022b5ffe2c
        X[02]:                   0000000000000001
        X[03]:                   0000000002160ec0
        X[04]:                   0000000000000000
        X[05]:                   0000000000000000
        X[06]:                   0000000000000000
        X[07]:                   0000000000000000
        X[08]:                   0000000000000000
        X[09]:                   0000000000000000
        X[10]:                   0000000000000000
        X[11]:                   0000000000000000
        X[12]:                   0000000000000000
        X[13]:                   0000000000000000
        X[14]:                   0000000000000000
        X[15]:                   0000000000000000
        X[16]:                   0000000000000000
        X[17]:                   0000000000000000
        X[18]:                   0000000000000000
        X[19]:                   0000000000000000
        X[20]:                   0000000000000000
        X[21]:                   0000000000000000
        X[22]:                   0000000000000000
        X[23]:                   0000000000000000
        X[24]:                   0000000000000000
        X[25]:                   0000000000000000
        X[26]:                   0000000000000000
        X[27]:                   0000000000000000
        X[28]:                   0000000000000000
        FP:                      000000022b5ffe30
        LR:                      000000557b1e5760 (qlaunch.nss + 0x1e5760)
        SP:                      000000022b5ffe00
        PC:                      000000557b23d400 (qlaunch.nss + 0x23d400)
    Stack Trace:
        ReturnAddress[00]:       000000557b9c2300 (qlaunch.nss + 0x9c2300)
        ReturnAddress[01]:       000000557b12034c (qlaunch.nss + 0x12034c)
        ReturnAddress[02]:       000000557b12c740 (qlaunch.nss + 0x12c740)
        ReturnAddress[03]:       000000557b1e1ee0 (qlaunch.nss + 0x1e1ee0)
        ReturnAddress[04]:       000000557b1e5014 (qlaunch.nss + 0x1e5014)
        ReturnAddress[05]:       0000000000000000
    Stack Dump:                               00 01 02 03 04 05 06 07 08 09 0a 0b 0c 0d 0e 0f
                                 00022b5ffe00 1c fe 5f 2b 02 00 00 00 f0 91 fd 7b 55 00 00 00
                                 00022b5ffe10 18 bc 57 7d 55 00 00 00 28 fe 5f 2b 02 00 00 00
                                 00022b5ffe20 66 83 b0 ef 00 00 00 00 00 00 00 00 db 81 1f 00
                                 00022b5ffe30 50 fe 5f 2b 02 00 00 00 00 23 9c 7b 55 00 00 00
                                 00022b5ffe40 b8 b9 57 7d 55 00 00 00 b0 b9 57 7d 55 00 00 00
                                 00022b5ffe50 10 ff 5f 2b 02 00 00 00 4c 03 12 7b 55 00 00 00
                                 00022b5ffe60 38 79 f8 7b 55 00 00 00 88 13 00 00 00 00 00 00
                                 00022b5ffe70 f8 78 f8 7b 55 00 00 00 30 78 f8 7b 55 00 00 00
                                 00022b5ffe80 00 e1 f5 05 00 00 00 00 48 74 f8 7b 55 00 00 00
                                 00022b5ffe90 30 78 f8 7b 55 00 00 00 60 79 f8 7b 55 00 00 00
                                 00022b5ffea0 58 79 f8 7b 55 00 00 00 30 79 f8 7b 55 00 00 00
                                 00022b5ffeb0 28 79 f8 7b 55 00 00 00 70 79 f8 7b 55 00 00 00
                                 00022b5ffec0 68 79 f8 7b 55 00 00 00 20 79 f8 7b 55 00 00 00
                                 00022b5ffed0 18 79 f8 7b 55 00 00 00 10 79 f8 7b 55 00 00 00
                                 00022b5ffee0 08 79 f8 7b 55 00 00 00 50 79 f8 7b 55 00 00 00
                                 00022b5ffef0 48 79 f8 7b 55 00 00 00 88 79 f8 7b 55 00 00 00
    TLS Address:                 0000003f9111b600
    TLS Dump:                                 00 01 02 03 04 05 06 07 08 09 0a 0b 0c 0d 0e 0f
                                 003f9111b600 00 00 01 00 09 00 00 00 00 20 08 00 28 fe 5f 2b
                                 003f9111b610 53 46 43 4f 00 00 00 00 00 00 00 00 a5 25 62 61
                                 003f9111b620 00 00 00 00 00 00 00 00 00 00 00 00 00 00 00 00
                                 003f9111b630 00 00 00 00 08 00 00 00 28 fe 5f 2b 02 00 08 00
                                 003f9111b640 00 00 00 00 00 00 00 00 00 00 00 00 00 00 00 00
                                 003f9111b650 00 00 00 00 00 00 00 00 00 00 00 00 00 00 00 00
                                 003f9111b660 00 00 00 00 00 00 00 00 00 00 00 00 00 00 00 00
                                 003f9111b670 00 00 00 00 00 00 00 00 00 00 00 00 00 00 00 00
                                 003f9111b680 00 00 00 00 00 00 00 00 00 00 00 00 00 00 00 00
                                 003f9111b690 00 00 00 00 00 00 00 00 00 00 00 00 00 00 00 00
                                 003f9111b6a0 00 00 00 00 00 00 00 00 00 00 00 00 00 00 00 00
                                 003f9111b6b0 00 00 00 00 00 00 00 00 00 00 00 00 00 00 00 00
                                 003f9111b6c0 00 00 00 00 00 00 00 00 00 00 00 00 00 00 00 00
                                 003f9111b6d0 00 00 00 00 00 00 00 00 00 00 00 00 00 00 00 00
                                 003f9111b6e0 00 00 00 00 00 00 00 00 00 00 00 00 00 00 00 00
                                 003f9111b6f0 00 00 00 00 00 00 00 00 00 00 00 00 00 00 00 00
Threads[11]:
    Thread ID:                   0000000000000237
    Thread Name:                 SAAeMessageDispatcher
    Stack Region:                00000001e827c000-00000001e8284000
    Registers:
        X[00]:                   00000001e8283ed8
        X[01]:                   00000001e8283edc
        X[02]:                   0000000000000001
        X[03]:                   ffffffffffffffff
        X[04]:                   0000000000000000
        X[05]:                   0000000000000000
        X[06]:                   0000000000000000
        X[07]:                   0000000000000000
        X[08]:                   0000000000000000
        X[09]:                   0000000000000000
        X[10]:                   0000000000000000
        X[11]:                   0000000000000000
        X[12]:                   0000000000000000
        X[13]:                   0000000000000000
        X[14]:                   0000000000000000
        X[15]:                   0000000000000000
        X[16]:                   0000000000000000
        X[17]:                   0000000000000000
        X[18]:                   0000000000000000
        X[19]:                   0000000000000000
        X[20]:                   0000000000000000
        X[21]:                   0000000000000000
        X[22]:                   0000000000000000
        X[23]:                   0000000000000000
        X[24]:                   0000000000000000
        X[25]:                   0000000000000000
        X[26]:                   0000000000000000
        X[27]:                   0000000000000000
        X[28]:                   0000000000000000
        FP:                      00000001e8283ee0
        LR:                      000000557b1e5610 (qlaunch.nss + 0x1e5610)
        SP:                      00000001e8283ec0
        PC:                      000000557b23d400 (qlaunch.nss + 0x23d400)
    Stack Trace:
        ReturnAddress[00]:       000000557b04c018 (qlaunch.nss + 0x4c018)
        ReturnAddress[01]:       000000557b958454 (qlaunch.nss + 0x958454)
        ReturnAddress[02]:       000000557b342460 (qlaunch.nss + 0x342460)
        ReturnAddress[03]:       000000557b341cd0 (qlaunch.nss + 0x341cd0)
        ReturnAddress[04]:       000000557b1e1ee0 (qlaunch.nss + 0x1e1ee0)
        ReturnAddress[05]:       000000557b1e5014 (qlaunch.nss + 0x1e5014)
        ReturnAddress[06]:       0000000000000000
    Stack Dump:                               00 01 02 03 04 05 06 07 08 09 0a 0b 0c 0d 0e 0f
                                 0001e8283ec0 d8 3e 28 e8 01 00 00 00 00 00 00 00 00 00 00 00
                                 0001e8283ed0 03 00 00 00 00 00 00 00 00 00 00 00 d8 81 20 00
                                 0001e8283ee0 10 3f 28 e8 01 00 00 00 18 c0 04 7b 55 00 00 00
                                 0001e8283ef0 80 78 58 7c 55 00 00 00 88 78 58 7c 55 00 00 00
                                 0001e8283f00 40 3f 28 e8 01 00 00 00 34 23 34 7b 55 00 00 00
                                 0001e8283f10 30 3f 28 e8 01 00 00 00 54 84 95 7b 55 00 00 00
                                 0001e8283f20 80 78 58 7c 55 00 00 00 a8 49 87 7d 55 00 00 00
                                 0001e8283f30 50 3f 28 e8 01 00 00 00 60 24 34 7b 55 00 00 00
                                 0001e8283f40 68 b4 87 7d 55 00 00 00 38 b4 87 7d 55 00 00 00
                                 0001e8283f50 70 3f 28 e8 01 00 00 00 d0 1c 34 7b 55 00 00 00
                                 0001e8283f60 00 00 00 00 00 00 00 00 38 b4 87 7d 55 00 00 00
                                 0001e8283f70 90 3f 28 e8 01 00 00 00 e0 1e 1e 7b 55 00 00 00
                                 0001e8283f80 20 40 88 7d 55 00 00 00 c8 41 88 7d 55 00 00 00
                                 0001e8283f90 c0 3f 28 e8 01 00 00 00 14 50 1e 7b 55 00 00 00
                                 0001e8283fa0 00 00 00 00 00 00 00 00 00 00 00 00 00 00 00 00
                                 0001e8283fb0 00 00 00 00 00 00 00 00 20 40 88 7d 55 00 00 00
    TLS Address:                 0000003f9111b800
    TLS Dump:                                 00 01 02 03 04 05 06 07 08 09 0a 0b 0c 0d 0e 0f
                                 003f9111b800 00 00 00 00 0d 00 00 00 00 00 00 00 00 00 00 00
                                 003f9111b810 00 00 00 00 00 00 00 00 00 00 00 00 00 00 00 00
                                 003f9111b820 53 46 43 4f 00 00 00 00 00 00 00 00 77 7d f2 32
                                 003f9111b830 33 00 00 00 00 00 00 00 00 00 00 00 00 00 00 00
                                 003f9111b840 00 00 00 00 00 00 00 00 00 00 00 00 00 00 00 00
                                 003f9111b850 00 00 00 00 00 00 00 00 00 00 00 00 00 00 00 00
                                 003f9111b860 00 00 00 00 00 00 00 00 00 00 00 00 00 00 00 00
                                 003f9111b870 00 00 00 00 00 00 00 00 00 00 00 00 00 00 00 00
                                 003f9111b880 00 00 00 00 00 00 00 00 00 00 00 00 00 00 00 00
                                 003f9111b890 00 00 00 00 00 00 00 00 00 00 00 00 00 00 00 00
                                 003f9111b8a0 00 00 00 00 00 00 00 00 00 00 00 00 00 00 00 00
                                 003f9111b8b0 00 00 00 00 00 00 00 00 00 00 00 00 00 00 00 00
                                 003f9111b8c0 00 00 00 00 00 00 00 00 00 00 00 00 00 00 00 00
                                 003f9111b8d0 00 00 00 00 00 00 00 00 00 00 00 00 00 00 00 00
                                 003f9111b8e0 00 00 00 00 00 00 00 00 00 00 00 00 00 00 00 00
                                 003f9111b8f0 00 00 00 00 00 00 00 00 00 00 00 00 00 00 00 00
Threads[12]:
    Thread ID:                   0000000000000238
    Thread Name:                 SASystemEvent
    Stack Region:                000000023e6e6000-000000023e6ee000
    Registers:
        X[00]:                   000000023e6edb2c
        X[01]:                   000000023e6edd44
        X[02]:                   0000000000000009
        X[03]:                   ffffffffffffffff
        X[04]:                   0000000000000040
        X[05]:                   ffffffffffffffff
        X[06]:                   0000000000000000
        X[07]:                   0000000000000000
        X[08]:                   0000000000000000
        X[09]:                   0000000000000000
        X[10]:                   0000000000000000
        X[11]:                   0000000000000000
        X[12]:                   0000000000000000
        X[13]:                   0000000000000000
        X[14]:                   0000000000000000
        X[15]:                   0000000000000000
        X[16]:                   0000000000000000
        X[17]:                   0000000000000000
        X[18]:                   0000000000000000
        X[19]:                   0000000000000000
        X[20]:                   0000000000000000
        X[21]:                   0000000000000000
        X[22]:                   0000000000000000
        X[23]:                   0000000000000000
        X[24]:                   0000000000000000
        X[25]:                   0000000000000000
        X[26]:                   0000000000000000
        X[27]:                   0000000000000000
        X[28]:                   0000000000000000
        FP:                      000000023e6edb10
        LR:                      000000557b1e4a38 (qlaunch.nss + 0x1e4a38)
        SP:                      000000023e6edb00
        PC:                      000000557b23d400 (qlaunch.nss + 0x23d400)
    Stack Trace:
        ReturnAddress[00]:       000000557b1e2684 (qlaunch.nss + 0x1e2684)
        ReturnAddress[01]:       000000557b1e289c (qlaunch.nss + 0x1e289c)
        ReturnAddress[02]:       000000557b1e0e04 (qlaunch.nss + 0x1e0e04)
        ReturnAddress[03]:       000000557b95c41c (qlaunch.nss + 0x95c41c)
        ReturnAddress[04]:       000000557b342460 (qlaunch.nss + 0x342460)
        ReturnAddress[05]:       000000557b341cd0 (qlaunch.nss + 0x341cd0)
        ReturnAddress[06]:       000000557b1e1ee0 (qlaunch.nss + 0x1e1ee0)
        ReturnAddress[07]:       000000557b1e5014 (qlaunch.nss + 0x1e5014)
        ReturnAddress[08]:       0000000000000000
    Stack Dump:                               00 01 02 03 04 05 06 07 08 09 0a 0b 0c 0d 0e 0f
                                 00023e6edb00 2c db 6e 3e 02 00 00 00 00 00 00 00 00 00 00 00
                                 00023e6edb10 50 de 6e 3e 02 00 00 00 84 26 1e 7b 55 00 00 00
                                 00023e6edb20 ff ff ff ff ff ff ff 7f a0 27 1e 7b 55 00 00 00
                                 00023e6edb30 00 00 00 00 00 00 00 00 c8 de 6e 3e 02 00 00 00
                                 00023e6edb40 70 7a 58 7c 55 00 00 00 b0 7a 58 7c 55 00 00 00
                                 00023e6edb50 f0 7a 58 7c 55 00 00 00 70 7b 58 7c 55 00 00 00
                                 00023e6edb60 b0 7b 58 7c 55 00 00 00 30 7c 58 7c 55 00 00 00
                                 00023e6edb70 30 7b 58 7c 55 00 00 00 70 7c 58 7c 55 00 00 00
                                 00023e6edb80 f0 7b 58 7c 55 00 00 00 00 00 00 00 00 00 00 00
                                 00023e6edb90 00 00 00 00 00 00 00 00 00 00 00 00 00 00 00 00
                                 00023e6edba0 00 00 00 00 00 00 00 00 00 00 00 00 00 00 00 00
                                 00023e6edbb0 00 00 00 00 00 00 00 00 00 00 00 00 00 00 00 00
                                 00023e6edbc0 00 00 00 00 00 00 00 00 00 00 00 00 00 00 00 00
                                 00023e6edbd0 00 00 00 00 00 00 00 00 00 00 00 00 00 00 00 00
                                 00023e6edbe0 00 00 00 00 00 00 00 00 00 00 00 00 00 00 00 00
                                 00023e6edbf0 00 00 00 00 00 00 00 00 00 00 00 00 00 00 00 00
    TLS Address:                 0000003f9111ba00
    TLS Dump:                                 00 01 02 03 04 05 06 07 08 09 0a 0b 0c 0d 0e 0f
                                 003f9111ba00 00 00 00 00 09 00 00 00 00 00 00 00 00 00 00 00
                                 003f9111ba10 53 46 43 4f 00 00 00 00 00 00 00 00 45 7d af 19
                                 003f9111ba20 00 00 00 00 00 00 00 00 00 00 00 00 00 00 00 00
                                 003f9111ba30 00 00 00 00 00 00 00 00 00 00 00 00 00 00 00 00
                                 003f9111ba40 00 00 00 00 00 00 00 00 00 00 00 00 00 00 00 00
                                 003f9111ba50 00 00 00 00 00 00 00 00 00 00 00 00 00 00 00 00
                                 003f9111ba60 00 00 00 00 00 00 00 00 00 00 00 00 00 00 00 00
                                 003f9111ba70 00 00 00 00 00 00 00 00 00 00 00 00 00 00 00 00
                                 003f9111ba80 00 00 00 00 00 00 00 00 00 00 00 00 00 00 00 00
                                 003f9111ba90 00 00 00 00 00 00 00 00 00 00 00 00 00 00 00 00
                                 003f9111baa0 00 00 00 00 00 00 00 00 00 00 00 00 00 00 00 00
                                 003f9111bab0 00 00 00 00 00 00 00 00 00 00 00 00 00 00 00 00
                                 003f9111bac0 00 00 00 00 00 00 00 00 00 00 00 00 00 00 00 00
                                 003f9111bad0 00 00 00 00 00 00 00 00 00 00 00 00 00 00 00 00
                                 003f9111bae0 00 00 00 00 00 00 00 00 00 00 00 00 00 00 00 00
                                 003f9111baf0 00 00 00 00 00 00 00 00 00 00 00 00 00 00 00 00
Threads[13]:
    Thread ID:                   0000000000000239
    Thread Name:                 SignalAThread
    Stack Region:                000000020debc000-000000020dec4000
    Registers:
        X[00]:                   0000000000f42400
        X[01]:                   000000000004b000
        X[02]:                   000000557d875130
        X[03]:                   0000000000000000
        X[04]:                   0000000000000000
        X[05]:                   0000000000000000
        X[06]:                   0000000000000000
        X[07]:                   0000000000000000
        X[08]:                   0000000000000000
        X[09]:                   0000000000000000
        X[10]:                   0000000000000000
        X[11]:                   0000000000000000
        X[12]:                   0000000000000000
        X[13]:                   0000000000000000
        X[14]:                   0000000000000000
        X[15]:                   0000000000000000
        X[16]:                   0000000000000000
        X[17]:                   0000000000000000
        X[18]:                   0000000000000000
        X[19]:                   0000000000000000
        X[20]:                   0000000000000000
        X[21]:                   0000000000000000
        X[22]:                   0000000000000000
        X[23]:                   0000000000000000
        X[24]:                   0000000000000000
        X[25]:                   0000000000000000
        X[26]:                   0000000000000000
        X[27]:                   0000000000000000
        X[28]:                   0000000000000000
        FP:                      000000020dec3f50
        LR:                      000000557b342460 (qlaunch.nss + 0x342460)
        SP:                      000000020dec3f50
        PC:                      000000557b23d35c (qlaunch.nss + 0x23d35c)
    Stack Trace:
        ReturnAddress[00]:       000000557b341cd0 (qlaunch.nss + 0x341cd0)
        ReturnAddress[01]:       000000557b1e1ee0 (qlaunch.nss + 0x1e1ee0)
        ReturnAddress[02]:       000000557b1e5014 (qlaunch.nss + 0x1e5014)
        ReturnAddress[03]:       0000000000000000
    Stack Dump:                               00 01 02 03 04 05 06 07 08 09 0a 0b 0c 0d 0e 0f
                                 00020dec3f00 00 00 00 00 00 00 00 00 00 00 00 00 00 00 00 00
                                 00020dec3f10 00 00 00 00 00 00 00 00 00 00 00 00 00 00 00 00
                                 00020dec3f20 00 00 00 00 00 00 00 00 cc 61 89 7d 55 00 00 00
                                 00020dec3f30 40 3f ec 0d 02 00 00 00 d0 d1 95 7b 55 00 00 00
                                 00020dec3f40 50 3f ec 0d 02 00 00 00 60 24 34 7b 55 00 00 00
                                 00020dec3f50 70 3f ec 0d 02 00 00 00 d0 1c 34 7b 55 00 00 00
                                 00020dec3f60 00 00 00 00 00 00 00 00 70 da 88 7d 55 00 00 00
                                 00020dec3f70 90 3f ec 0d 02 00 00 00 e0 1e 1e 7b 55 00 00 00
                                 00020dec3f80 20 60 89 7d 55 00 00 00 c8 61 89 7d 55 00 00 00
                                 00020dec3f90 c0 3f ec 0d 02 00 00 00 14 50 1e 7b 55 00 00 00
                                 00020dec3fa0 00 00 00 00 00 00 00 00 00 00 00 00 00 00 00 00
                                 00020dec3fb0 00 00 00 00 00 00 00 00 20 60 89 7d 55 00 00 00
                                 00020dec3fc0 00 00 00 00 00 00 00 00 00 00 00 00 00 00 00 00
                                 00020dec3fd0 00 00 00 00 00 00 00 00 00 00 00 00 00 00 00 00
                                 00020dec3fe0 70 1e 1e 7b 55 00 00 00 00 00 00 00 00 00 00 00
                                 00020dec3ff0 00 00 00 00 00 00 00 00 00 00 00 00 00 00 00 00
    TLS Address:                 0000003f9111bc00
    TLS Dump:                                 00 01 02 03 04 05 06 07 08 09 0a 0b 0c 0d 0e 0f
                                 003f9111bc00 00 00 00 00 0c 00 00 00 00 00 00 00 00 00 00 00
                                 003f9111bc10 00 00 00 00 00 00 00 00 00 00 00 00 00 00 00 00
                                 003f9111bc20 53 46 43 4f 00 00 00 00 00 00 00 00 a1 ea ef 56
                                 003f9111bc30 00 00 00 00 00 00 00 00 00 00 00 00 00 00 00 00
                                 003f9111bc40 00 00 00 00 00 00 00 00 00 00 00 00 00 00 00 00
                                 003f9111bc50 00 00 00 00 00 00 00 00 00 00 00 00 00 00 00 00
                                 003f9111bc60 00 00 00 00 00 00 00 00 00 00 00 00 00 00 00 00
                                 003f9111bc70 00 00 00 00 00 00 00 00 00 00 00 00 00 00 00 00
                                 003f9111bc80 00 00 00 00 00 00 00 00 00 00 00 00 00 00 00 00
                                 003f9111bc90 00 00 00 00 00 00 00 00 00 00 00 00 00 00 00 00
                                 003f9111bca0 00 00 00 00 00 00 00 00 00 00 00 00 00 00 00 00
                                 003f9111bcb0 00 00 00 00 00 00 00 00 00 00 00 00 00 00 00 00
                                 003f9111bcc0 00 00 00 00 00 00 00 00 00 00 00 00 00 00 00 00
                                 003f9111bcd0 00 00 00 00 00 00 00 00 00 00 00 00 00 00 00 00
                                 003f9111bce0 00 00 00 00 00 00 00 00 00 00 00 00 00 00 00 00
                                 003f9111bcf0 00 00 00 00 00 00 00 00 00 00 00 00 00 00 00 00
Threads[14]:
    Thread ID:                   000000000000023d
    Thread Name:                 LibraryAppletThread
    Stack Region:                00000002484e7000-00000002484eb000
    Registers:
        X[00]:                   0000000000000000
        X[01]:                   00000002484ea848
        X[02]:                   0000000000000004
        X[03]:                   0000000000000008
        X[04]:                   0000000000000000
        X[05]:                   0000000000000000
        X[06]:                   0000000000000000
        X[07]:                   0000000000000000
        X[08]:                   0000000000000000
        X[09]:                   0000000000000000
        X[10]:                   0000000000000000
        X[11]:                   0000000000000000
        X[12]:                   0000000000000000
        X[13]:                   0000000000000000
        X[14]:                   0000000000000000
        X[15]:                   0000000000000000
        X[16]:                   0000000000000000
        X[17]:                   0000000000000000
        X[18]:                   0000000000000000
        X[19]:                   0000000000000000
        X[20]:                   0000000000000000
        X[21]:                   0000000000000000
        X[22]:                   0000000000000000
        X[23]:                   0000000000000000
        X[24]:                   0000000000000000
        X[25]:                   0000000000000000
        X[26]:                   0000000000000000
        X[27]:                   0000000000000000
        X[28]:                   0000000000000000
        FP:                      00000002484ea660
        LR:                      000000557b1fe328 (qlaunch.nss + 0x1fe328)
        SP:                      00000002484ea660
        PC:                      000000557b23d47c (qlaunch.nss + 0x23d47c)
    Stack Trace:
        ReturnAddress[00]:       000000557b1fd534 (qlaunch.nss + 0x1fd534)
        ReturnAddress[01]:       000000557b1fd5e8 (qlaunch.nss + 0x1fd5e8)
        ReturnAddress[02]:       000000557b1fd6c8 (qlaunch.nss + 0x1fd6c8)
        ReturnAddress[03]:       000000557b30dfe8 (qlaunch.nss + 0x30dfe8)
        ReturnAddress[04]:       000000557b053eb4 (qlaunch.nss + 0x53eb4)
        ReturnAddress[05]:       000000557b053f48 (qlaunch.nss + 0x53f48)
        ReturnAddress[06]:       000000557b96af48 (qlaunch.nss + 0x96af48)
        ReturnAddress[07]:       000000557b342460 (qlaunch.nss + 0x342460)
        ReturnAddress[08]:       000000557b341cd0 (qlaunch.nss + 0x341cd0)
        ReturnAddress[09]:       000000557b1e1ee0 (qlaunch.nss + 0x1e1ee0)
        ReturnAddress[10]:       000000557b1e5014 (qlaunch.nss + 0x1e5014)
        ReturnAddress[11]:       0000000000000000
    Stack Dump:                               00 01 02 03 04 05 06 07 08 09 0a 0b 0c 0d 0e 0f
                                 0002484ea660 f0 a6 4e 48 02 00 00 00 34 d5 1f 7b 55 00 00 00
                                 0002484ea670 03 00 00 00 00 00 00 00 e0 a6 4e 48 02 00 00 00
                                 0002484ea680 52 a0 9e 7b 55 00 00 00 52 a0 9e 7b 55 00 00 00
                                 0002484ea690 52 a0 9e 7b 55 00 00 00 00 00 00 00 55 00 00 00
                                 0002484ea6a0 90 02 00 00 00 00 00 00 00 00 00 00 00 00 00 00
                                 0002484ea6b0 03 00 00 00 00 00 00 00 e0 a6 4e 48 02 00 00 00
                                 0002484ea6c0 52 a0 9e 7b 55 00 00 00 52 a0 9e 7b 55 00 00 00
                                 0002484ea6d0 52 a0 9e 7b 55 00 00 00 00 00 00 00 55 00 00 00
                                 0002484ea6e0 52 a0 9e 7b 55 00 00 00 e0 a7 4e 48 02 00 00 00
                                 0002484ea6f0 00 a8 4e 48 02 00 00 00 e8 d5 1f 7b 55 00 00 00
                                 0002484ea700 00 b0 82 7e 55 00 00 00 bc 6b 04 7b 55 00 00 00
                                 0002484ea710 00 00 00 00 00 00 00 00 00 00 00 00 00 00 00 00
                                 0002484ea720 00 00 00 00 00 00 00 00 00 00 00 00 00 00 00 00
                                 0002484ea730 00 00 00 00 00 00 00 00 01 00 00 00 00 00 00 00
                                 0002484ea740 a4 a8 4e 48 02 00 00 00 d8 4a fd 7b 55 00 00 00
                                 0002484ea750 00 00 00 00 00 00 00 00 00 00 00 00 00 00 00 00
    TLS Address:                 0000003f9111be00
    TLS Dump:                                 00 01 02 03 04 05 06 07 08 09 0a 0b 0c 0d 0e 0f
                                 003f9111be00 02 00 00 00 00 00 00 00 01 00 00 00 82 00 00 00
                                 003f9111be10 53 46 43 4f 00 00 00 00 00 00 00 00 66 87 32 91
                                 003f9111be20 00 10 00 00 00 00 00 01 02 00 00 00 00 00 00 00
                                 003f9111be30 90 02 00 00 00 00 00 00 00 00 00 00 00 00 00 00
                                 003f9111be40 00 00 00 00 00 00 00 00 00 00 00 00 00 00 00 00
                                 003f9111be50 00 00 00 00 00 00 00 00 00 00 00 00 00 00 00 00
                                 003f9111be60 00 00 00 00 00 00 00 00 00 00 00 00 00 00 00 00
                                 003f9111be70 00 00 00 00 00 00 00 00 00 00 00 00 00 00 00 00
                                 003f9111be80 00 00 00 00 00 00 00 00 00 00 00 00 00 00 00 00
                                 003f9111be90 00 00 00 00 00 00 00 00 00 00 00 00 00 00 00 00
                                 003f9111bea0 00 00 00 00 00 00 00 00 00 00 00 00 00 00 00 00
                                 003f9111beb0 00 00 00 00 00 00 00 00 00 00 00 00 00 00 00 00
                                 003f9111bec0 00 00 00 00 00 00 00 00 00 00 00 00 00 00 00 00
                                 003f9111bed0 00 00 00 00 00 00 00 00 00 00 00 00 00 00 00 00
                                 003f9111bee0 00 00 00 00 00 00 00 00 00 00 00 00 00 00 00 00
                                 003f9111bef0 00 00 00 00 00 00 00 00 00 00 00 00 00 00 00 00
